2021-09-17 23:01:10 DEBUG    [caesar_cipher.py:35] s[i] = m
2021-09-17 23:01:10 DEBUG    [caesar_cipher.py:37] index of m in alphabet_lower = 12
2021-09-17 23:01:10 DEBUG    [caesar_cipher.py:44] index of n in alphabet_upper = 13
2021-09-17 23:01:10 DEBUG    [caesar_cipher.py:45] t = n
2021-09-17 23:01:10 DEBUG    [caesar_cipher.py:35] s[i] = i
2021-09-17 23:01:10 DEBUG    [caesar_cipher.py:37] index of i in alphabet_lower = 8
2021-09-17 23:01:10 DEBUG    [caesar_cipher.py:44] index of j in alphabet_upper = 9
2021-09-17 23:01:10 DEBUG    [caesar_cipher.py:45] t = nj
2021-09-17 23:01:10 DEBUG    [caesar_cipher.py:35] s[i] = d
2021-09-17 23:01:10 DEBUG    [caesar_cipher.py:37] index of d in alphabet_lower = 3
2021-09-17 23:01:10 DEBUG    [caesar_cipher.py:44] index of e in alphabet_upper = 4
2021-09-17 23:01:10 DEBUG    [caesar_cipher.py:45] t = nje
2021-09-17 23:01:10 DEBUG    [caesar_cipher.py:35] s[i] = d
2021-09-17 23:01:10 DEBUG    [caesar_cipher.py:37] index of d in alphabet_lower = 3
2021-09-17 23:01:10 DEBUG    [caesar_cipher.py:44] index of e in alphabet_upper = 4
2021-09-17 23:01:10 DEBUG    [caesar_cipher.py:45] t = njee
2021-09-17 23:01:10 DEBUG    [caesar_cipher.py:35] s[i] = l
2021-09-17 23:01:10 DEBUG    [caesar_cipher.py:37] index of l in alphabet_lower = 11
2021-09-17 23:01:10 DEBUG    [caesar_cipher.py:44] index of m in alphabet_upper = 12
2021-09-17 23:01:10 DEBUG    [caesar_cipher.py:45] t = njeem
2021-09-17 23:01:10 DEBUG    [caesar_cipher.py:35] s[i] = e
2021-09-17 23:01:10 DEBUG    [caesar_cipher.py:37] index of e in alphabet_lower = 4
2021-09-17 23:01:10 DEBUG    [caesar_cipher.py:44] index of f in alphabet_upper = 5
2021-09-17 23:01:10 DEBUG    [caesar_cipher.py:45] t = njeemf
2021-09-17 23:01:10 DEBUG    [caesar_cipher.py:60] t = njeemf-
2021-09-17 23:01:10 DEBUG    [caesar_cipher.py:47] s[i] = O
2021-09-17 23:01:10 DEBUG    [caesar_cipher.py:49] index of O in alphabet_upper = 14
2021-09-17 23:01:10 DEBUG    [caesar_cipher.py:56] index of P in alphabet_upper = 15
2021-09-17 23:01:10 DEBUG    [caesar_cipher.py:57] t = njeemf-P
2021-09-17 23:01:10 DEBUG    [caesar_cipher.py:35] s[i] = u
2021-09-17 23:01:10 DEBUG    [caesar_cipher.py:37] index of u in alphabet_lower = 20
2021-09-17 23:01:10 DEBUG    [caesar_cipher.py:44] index of v in alphabet_upper = 21
2021-09-17 23:01:10 DEBUG    [caesar_cipher.py:45] t = njeemf-Pv
2021-09-17 23:01:10 DEBUG    [caesar_cipher.py:35] s[i] = t
2021-09-17 23:01:10 DEBUG    [caesar_cipher.py:37] index of t in alphabet_lower = 19
2021-09-17 23:01:10 DEBUG    [caesar_cipher.py:44] index of u in alphabet_upper = 20
2021-09-17 23:01:10 DEBUG    [caesar_cipher.py:45] t = njeemf-Pvu
2021-09-17 23:01:10 DEBUG    [caesar_cipher.py:35] s[i] = z
2021-09-17 23:01:10 DEBUG    [caesar_cipher.py:37] index of z in alphabet_lower = 25
2021-09-17 23:01:10 DEBUG    [caesar_cipher.py:40] ind = 0
2021-09-17 23:01:10 DEBUG    [caesar_cipher.py:44] index of a in alphabet_upper = 1
2021-09-17 23:01:10 DEBUG    [caesar_cipher.py:45] t = njeemf-Pvua
